build/app/outputs/mapping/release/seeds.txt
com.sociodotabuleiro.app.MainActivity
com.sociodotabuleiro.app.MainActivity: MainActivity()
...
com.google.android.gms.internal.common.zzag: com.google.android.gms.internal.common.zzag zzk(java.util.Collection)
com.google.android.gms.internal.firebase-auth-api.zzry$zza: zzry$zza()
com.google.android.gms.internal.firebase-auth-api.zzsv: void zza(int)
com.google.android.gms.internal.measurement.zzgp: com.google.android.gms.internal.measurement.zzlg zzb()
com.google.android.gms.common.internal.BaseGmsClient: BaseGmsClient(android.content.Context,android.os.Looper,int,com.google.android.gms.common.internal.BaseGmsClient$BaseConnectionCallbacks,com.google.android.gms.common.internal.BaseGmsClient$BaseOnConnectionFailedListener,java.lang.String)
com.google.android.gms.internal.auth.zzfm: com.google.android.gms.internal.auth.zzez zzd(int)
com.google.android.gms.internal.firebase-auth-api.zzacv: java.lang.String zza(com.google.firebase.FirebaseApp)
com.google.android.gms.internal.auth.zzho: com.google.android.gms.internal.auth.zzhp zza()
com.google.android.gms.internal.measurement.zzkv: zzkv(boolean)
com.google.android.recaptcha.internal.zzad: zzad(android.content.Context)
com.google.android.recaptcha.internal.zzlq: void zzi(com.google.android.recaptcha.internal.zzgw)
com.google.android.gms.internal.firebase-auth-api.zzaci: void zzb(java.lang.String,java.lang.String,java.lang.String,java.lang.String,com.google.android.gms.internal.firebase-auth-api.zzacg)
com.google.android.gms.internal.measurement.zzmy: int size()
androidx.appcompat.view.menu.ExpandedMenuView: ExpandedMenuView(android.content.Context,android.util.AttributeSet)
com.google.android.gms.internal.measurement.zzow: long zzag()
com.google.android.gms.internal.firebase-auth-api.zzaje: boolean equals(java.lang.Object)
com.google.android.gms.internal.firebase-auth-api.zzuo: zzuo()
com.google.android.gms.internal.firebase-auth-api.zzer: com.google.android.gms.internal.firebase-auth-api.zzbu zza(com.google.android.gms.internal.firebase-auth-api.zzci,java.lang.Integer)
com.google.android.gms.internal.firebase-auth-api.zzto: com.google.android.gms.internal.firebase-auth-api.zzto zzd()
com.google.android.gms.internal.firebase-auth-api.zzun: zzun()
com.google.android.gms.internal.firebase-auth-api.zzjd: com.google.android.gms.internal.firebase-auth-api.zzis zza()
com.google.android.recaptcha.internal.zzhh: int zzx(java.lang.String)
com.google.android.gms.internal.firebase-auth-api.zztn: void zza(com.google.android.gms.internal.firebase-auth-api.zztn,com.google.android.gms.internal.firebase-auth-api.zzto)
com.google.android.gms.internal.measurement.zzdm: void resetAnalyticsData(long)
com.google.android.gms.internal.firebase-auth-api.zzakt: void zzb(java.lang.Object,int,int)
io.flutter.embedding.android.FlutterSurfaceView: io.flutter.embedding.engine.renderer.FlutterRenderer getAttachedRenderer()
com.google.android.gms.internal.firebase-auth-api.zzmf: void zza(java.security.spec.ECPoint,java.security.spec.EllipticCurve)
com.google.android.gms.internal.firebase-auth-api.zzff: zzff()
com.google.android.gms.internal.firebase-auth-api.zzaiv: java.lang.Object zza(com.google.android.gms.internal.firebase-auth-api.zzaiq,com.google.android.gms.internal.firebase-auth-api.zzakp,int)
com.google.android.gms.internal.firebase-auth-api.zzaim: int zzb(int,com.google.android.gms.internal.firebase-auth-api.zzajt)
io.flutter.plugins.firebase.messaging.FlutterFirebaseAppRegistrar: java.util.List getComponents()
kotlin.coroutines.jvm.internal.ContinuationImpl: kotlin.coroutines.CoroutineContext getContext()
com.google.android.gms.internal.measurement.zzjq: int hashCode()
com.google.android.gms.internal.auth.zzhf: java.lang.Object run()
com.google.android.gms.common.api.internal.LifecycleCallback: com.google.android.gms.common.api.internal.LifecycleFragment getChimeraLifecycleFragmentImpl(com.google.android.gms.common.api.internal.LifecycleActivity)
com.google.android.gms.internal.firebase-auth-api.zzvg$zza: zzvg$zza()