build/app/outputs/mapping/release/usage.txt
com.sociodotabuleiro.app.BuildConfig
com.sociodotabuleiro.app.R$anim
com.sociodotabuleiro.app.R$animator
com.sociodotabuleiro.app.R$attr
com.sociodotabuleiro.app.R$bool
com.sociodotabuleiro.app.R$color
com.sociodotabuleiro.app.R$dimen
com.sociodotabuleiro.app.R$drawable
com.sociodotabuleiro.app.R$id
com.sociodotabuleiro.app.R$integer
com.sociodotabuleiro.app.R$interpolator
com.sociodotabuleiro.app.R$layout
com.sociodotabuleiro.app.R$mipmap
com.sociodotabuleiro.app.R$raw
com.sociodotabuleiro.app.R$string
com.sociodotabuleiro.app.R$style
com.sociodotabuleiro.app.R$styleable
com.sociodotabuleiro.app.R$xml
com.sociodotabuleiro.app.R
...
io.grpc.Context$CancellationListener:
    public abstract void cancelled(io.grpc.Context)
io.grpc.Context$DirectExecutor
io.grpc.Context$ExecutableListener
io.grpc.Context:
    public final io.grpc.Context$CancellableContext cancellableAncestor
io.grpc.GlobalInterceptors:
    public static java.util.List serverInterceptors
    public static java.util.List serverStreamTracerFactories
io.grpc.InternalChannelz$OtherSecurity
io.grpc.InternalChannelz$Security:
    public final io.grpc.InternalChannelz$OtherSecurity other
io.grpc.InternalChannelz:
    public static final synthetic boolean $assertionsDisabled
io.grpc.Metadata:
    public static final synthetic boolean $assertionsDisabled
io.grpc.MethodDescriptor:
    public static final synthetic boolean $assertionsDisabled
io.grpc.NameResolver$ConfigOrError:
    public static final synthetic boolean $assertionsDisabled
io.grpc.internal.AtomicBackoff$State:
    public static final synthetic boolean $assertionsDisabled
io.grpc.internal.ClientCallImpl$ContextCancellationListener:
    public void cancelled(io.grpc.Context)
io.grpc.internal.DelayedClientCall$DelayedListener:
    public static final synthetic boolean $assertionsDisabled
io.grpc.internal.DelayedClientCall:
    public static final synthetic boolean $assertionsDisabled
io.grpc.internal.DelayedStream$DelayedStreamListener:
    public static final synthetic boolean $assertionsDisabled
io.grpc.internal.DelayedStream:
    public static final synthetic boolean $assertionsDisabled
io.grpc.internal.DnsNameResolver:
    public static final synthetic boolean $assertionsDisabled
io.grpc.internal.JndiResourceResolverFactory$JndiRecordFetcher:
    public static final synthetic boolean $assertionsDisabled
io.grpc.internal.JndiResourceResolverFactory$JndiResourceResolver:
    public static final synthetic boolean $assertionsDisabled
io.grpc.internal.JsonUtil:
    public static final synthetic boolean $assertionsDisabled
    public void <init>()
io.grpc.internal.ManagedChannelImpl:
    public final io.grpc.ChannelCredentials originalChannelCreds
io.grpc.internal.ManagedChannelImplBuilder:
    public io.grpc.BinaryLog binlog
    public final io.grpc.ChannelCredentials channelCredentials
io.grpc.internal.ManagedClientTransport$Listener$-CC
io.grpc.internal.ReadableBuffer:
    public abstract void touch()
io.grpc.internal.RetriableStream$Sublistener:
    public static final synthetic boolean $assertionsDisabled
io.grpc.internal.ThreadOptimizedDeframer
io.grpc.stub.AbstractAsyncStub:
    public static final synthetic boolean $assertionsDisabled
kotlin.ExceptionsKt
kotlin.LazyKt
kotlin.LazyKt__LazyKt
kotlin.collections.ArraysKt
kotlin.collections.CollectionsKt
kotlin.collections.MapsKt
kotlin.collections.MapsKt___MapsJvmKt
kotlin.collections.MapsKt___MapsKt
kotlin.collections.SetsKt
kotlin.collections.SetsKt___SetsKt
kotlin.comparisons.ComparisonsKt
kotlin.comparisons.ComparisonsKt___ComparisonsJvmKt
kotlin.comparisons.ComparisonsKt___ComparisonsKt
kotlin.coroutines.intrinsics.IntrinsicsKt
kotlin.coroutines.jvm.internal.CoroutineStackFrame:
    public abstract java.lang.StackTraceElement getStackTraceElement()
kotlin.io.FilesKt
kotlin.jvm.internal.PropertyReference1:
    public void <init>()
kotlin.jvm.internal.PropertyReference2:
    public void <init>()
kotlin.random.AbstractPlatformRandom:
    public int nextBits(int)
kotlin.random.Random$Default:
    public int nextBits(int)
    public int nextInt(int,int)
kotlin.random.Random:
    public abstract int nextBits(int)
    public int nextInt(int,int)
kotlin.random.RandomKt
kotlin.random.jdk8.PlatformThreadLocalRandom:
    public int nextInt(int,int)
kotlin.ranges.RangesKt
kotlin.sequences.SequencesKt
kotlin.text.CharsKt
kotlin.text.StringsKt
kotlin.time.DurationUnitKt
kotlin.time.DurationUnitKt__DurationUnitKt